<?xml version="1.0" encoding="UTF-8"?>
<testng-results skipped="0" failed="2" ignored="0" total="5" passed="3">
  <reporter-output>
  </reporter-output>
  <suite name="Web Suite" duration-ms="110263" started-at="2020-09-19T09:49:52Z" finished-at="2020-09-19T09:51:42Z">
    <groups>
      <group name="SanityTest">
        <method signature="AppTest.verifyTitle()[pri:0, instance:com.fullstack.batch3.AppTest@4de8b406]" name="verifyTitle" class="com.fullstack.batch3.AppTest"/>
      </group> <!-- SanityTest -->
      <group name="RegressionTest">
        <method signature="AppTest.loginWithCorrectCredentials()[pri:1, instance:com.fullstack.batch3.AppTest@4de8b406]" name="loginWithCorrectCredentials" class="com.fullstack.batch3.AppTest"/>
      </group> <!-- RegressionTest -->
    </groups>
    <test name="Web Tests" duration-ms="110263" started-at="2020-09-19T09:49:52Z" finished-at="2020-09-19T09:51:42Z">
      <class name="com.fullstack.batch3.AppTest">
        <test-method status="PASS" signature="setUpAndInitialize()[pri:0, instance:com.fullstack.batch3.AppTest@4de8b406]" name="setUpAndInitialize" is-config="true" duration-ms="18106" started-at="2020-09-19T09:49:52Z" finished-at="2020-09-19T09:50:10Z">
          <reporter-output>
          </reporter-output>
        </test-method> <!-- setUpAndInitialize -->
        <test-method status="PASS" signature="setUpAndInitialize()[pri:0, instance:com.fullstack.batch3.AppTest@4de8b406]" name="setUpAndInitialize" is-config="true" duration-ms="18105" started-at="2020-09-19T09:49:52Z" finished-at="2020-09-19T09:50:10Z">
          <reporter-output>
          </reporter-output>
        </test-method> <!-- setUpAndInitialize -->
        <test-method status="PASS" signature="setUpAndInitialize()[pri:0, instance:com.fullstack.batch3.AppTest@4de8b406]" name="setUpAndInitialize" is-config="true" duration-ms="18104" started-at="2020-09-19T09:49:52Z" finished-at="2020-09-19T09:50:10Z">
          <reporter-output>
          </reporter-output>
        </test-method> <!-- setUpAndInitialize -->
        <test-method status="PASS" signature="setUpAndInitialize()[pri:0, instance:com.fullstack.batch3.AppTest@4de8b406]" name="setUpAndInitialize" is-config="true" duration-ms="18103" started-at="2020-09-19T09:49:52Z" finished-at="2020-09-19T09:50:10Z">
          <reporter-output>
          </reporter-output>
        </test-method> <!-- setUpAndInitialize -->
        <test-method status="FAIL" signature="verifyTitle()[pri:0, instance:com.fullstack.batch3.AppTest@4de8b406]" name="verifyTitle" duration-ms="9113" started-at="2020-09-19T09:50:10Z" description="Verify that the title of website is correct" finished-at="2020-09-19T09:50:19Z">
          <exception class="java.lang.AssertionError">
            <message>
              <![CDATA[expected [Home] but found [Log In ‹ — WordPress]]]>
            </message>
            <full-stacktrace>
              <![CDATA[java.lang.AssertionError: expected [Home] but found [Log In ‹ — WordPress]
at org.testng.Assert.fail(Assert.java:96)
at org.testng.Assert.failNotEquals(Assert.java:776)
at org.testng.Assert.assertEqualsImpl(Assert.java:137)
at org.testng.Assert.assertEquals(Assert.java:118)
at org.testng.Assert.assertEquals(Assert.java:453)
at org.testng.Assert.assertEquals(Assert.java:463)
at com.fullstack.batch3.AppTest.verifyTitle(AppTest.java:35)
at sun.reflect.NativeMethodAccessorImpl.invoke0(Native Method)
at sun.reflect.NativeMethodAccessorImpl.invoke(NativeMethodAccessorImpl.java:62)
at sun.reflect.DelegatingMethodAccessorImpl.invoke(DelegatingMethodAccessorImpl.java:43)
at java.lang.reflect.Method.invoke(Method.java:498)
at org.testng.internal.MethodInvocationHelper.invokeMethod(MethodInvocationHelper.java:124)
at org.testng.internal.Invoker.invokeMethod(Invoker.java:583)
at org.testng.internal.Invoker.invokeTestMethod(Invoker.java:719)
at org.testng.internal.Invoker.invokeTestMethods(Invoker.java:989)
at org.testng.internal.TestMethodWorker.invokeTestMethods(TestMethodWorker.java:125)
at org.testng.internal.TestMethodWorker.run(TestMethodWorker.java:109)
at java.util.concurrent.ThreadPoolExecutor.runWorker(ThreadPoolExecutor.java:1149)
at java.util.concurrent.ThreadPoolExecutor$Worker.run(ThreadPoolExecutor.java:624)
at java.lang.Thread.run(Thread.java:748)
]]>
            </full-stacktrace>
          </exception> <!-- java.lang.AssertionError -->
          <reporter-output>
          </reporter-output>
        </test-method> <!-- verifyTitle -->
        <test-method status="PASS" signature="testSwitches()[pri:0, instance:com.fullstack.batch3.AppTest@4de8b406]" name="testSwitches" duration-ms="11572" started-at="2020-09-19T09:50:10Z" finished-at="2020-09-19T09:50:22Z">
          <reporter-output>
          </reporter-output>
        </test-method> <!-- testSwitches -->
        <test-method status="PASS" signature="testNavigation()[pri:0, instance:com.fullstack.batch3.AppTest@4de8b406]" name="testNavigation" duration-ms="40139" started-at="2020-09-19T09:50:10Z" finished-at="2020-09-19T09:50:50Z">
          <reporter-output>
          </reporter-output>
        </test-method> <!-- testNavigation -->
        <test-method status="PASS" signature="testJSScript()[pri:0, instance:com.fullstack.batch3.AppTest@4de8b406]" name="testJSScript" duration-ms="5066" started-at="2020-09-19T09:50:10Z" finished-at="2020-09-19T09:50:15Z">
          <reporter-output>
          </reporter-output>
        </test-method> <!-- testJSScript -->
        <test-method status="PASS" signature="cleanUpActivities(org.testng.ITestResult)[pri:0, instance:com.fullstack.batch3.AppTest@4de8b406]" name="cleanUpActivities" is-config="true" duration-ms="2864" started-at="2020-09-19T09:50:15Z" finished-at="2020-09-19T09:50:18Z">
          <params>
            <param index="0">
              <value>
                <![CDATA[[TestResult name=testJSScript status=SUCCESS method=AppTest.testJSScript()[pri:0, instance:com.fullstack.batch3.AppTest@4de8b406] output={null}]]]>
              </value>
            </param>
          </params>
          <reporter-output>
          </reporter-output>
        </test-method> <!-- cleanUpActivities -->
        <test-method status="PASS" signature="cleanUpActivities(org.testng.ITestResult)[pri:0, instance:com.fullstack.batch3.AppTest@4de8b406]" name="cleanUpActivities" is-config="true" duration-ms="2487" started-at="2020-09-19T09:50:19Z" finished-at="2020-09-19T09:50:22Z">
          <params>
            <param index="0">
              <value>
                <![CDATA[[TestResult name=verifyTitle status=FAILURE method=AppTest.verifyTitle()[pri:0, instance:com.fullstack.batch3.AppTest@4de8b406] output={null}]]]>
              </value>
            </param>
          </params>
          <reporter-output>
          </reporter-output>
        </test-method> <!-- cleanUpActivities -->
        <test-method status="PASS" signature="cleanUpActivities(org.testng.ITestResult)[pri:0, instance:com.fullstack.batch3.AppTest@4de8b406]" name="cleanUpActivities" is-config="true" duration-ms="1782" started-at="2020-09-19T09:50:22Z" finished-at="2020-09-19T09:50:23Z">
          <params>
            <param index="0">
              <value>
                <![CDATA[[TestResult name=testSwitches status=SUCCESS method=AppTest.testSwitches()[pri:0, instance:com.fullstack.batch3.AppTest@4de8b406] output={null}]]]>
              </value>
            </param>
          </params>
          <reporter-output>
          </reporter-output>
        </test-method> <!-- cleanUpActivities -->
        <test-method status="PASS" signature="cleanUpActivities(org.testng.ITestResult)[pri:0, instance:com.fullstack.batch3.AppTest@4de8b406]" name="cleanUpActivities" is-config="true" duration-ms="1735" started-at="2020-09-19T09:50:50Z" finished-at="2020-09-19T09:50:52Z">
          <params>
            <param index="0">
              <value>
                <![CDATA[[TestResult name=testNavigation status=SUCCESS method=AppTest.testNavigation()[pri:0, instance:com.fullstack.batch3.AppTest@4de8b406] output={null}]]]>
              </value>
            </param>
          </params>
          <reporter-output>
          </reporter-output>
        </test-method> <!-- cleanUpActivities -->
        <test-method status="PASS" signature="setUpAndInitialize()[pri:0, instance:com.fullstack.batch3.AppTest@4de8b406]" name="setUpAndInitialize" is-config="true" duration-ms="24617" started-at="2020-09-19T09:50:52Z" finished-at="2020-09-19T09:51:16Z">
          <reporter-output>
          </reporter-output>
        </test-method> <!-- setUpAndInitialize -->
        <test-method status="FAIL" signature="loginWithCorrectCredentials()[pri:1, instance:com.fullstack.batch3.AppTest@4de8b406]" name="loginWithCorrectCredentials" duration-ms="12077" started-at="2020-09-19T09:51:16Z" description="Verify that login is working correctly with correct username and password" finished-at="2020-09-19T09:51:29Z">
          <exception class="org.openqa.selenium.WebDriverException">
            <message>
              <![CDATA[chrome not reachable
  (Session info: chrome=85.0.4183.102)
Build info: version: '4.0.0-alpha-6', revision: '5f43a29cfc'
System info: host: 'CHANDANPC', ip: '169.254.45.178', os.name: 'Windows 10', os.arch: 'amd64', os.version: '10.0', java.version: '1.8.0_191'
Driver info: org.openqa.selenium.chrome.ChromeDriver
Capabilities {acceptInsecureCerts: false, browserName: chrome, browserVersion: 85.0.4183.102, chrome: {chromedriverVersion: 85.0.4183.87 (cd6713ebf92fa..., userDataDir: C:\Users\chandan\AppData\Lo...}, goog:chromeOptions: {debuggerAddress: localhost:17366}, javascriptEnabled: true, networkConnectionEnabled: false, pageLoadStrategy: normal, platform: WINDOWS, platformName: WINDOWS, proxy: Proxy(), setWindowRect: true, strictFileInteractability: false, timeouts: {implicit: 0, pageLoad: 300000, script: 30000}, unhandledPromptBehavior: dismiss and notify, webauthn:virtualAuthenticators: true}
Session ID: ff3b3ca6a63a115e141ef6921f58393d]]>
            </message>
            <full-stacktrace>
              <![CDATA[org.openqa.selenium.WebDriverException: chrome not reachable
  (Session info: chrome=85.0.4183.102)
Build info: version: '4.0.0-alpha-6', revision: '5f43a29cfc'
System info: host: 'CHANDANPC', ip: '169.254.45.178', os.name: 'Windows 10', os.arch: 'amd64', os.version: '10.0', java.version: '1.8.0_191'
Driver info: org.openqa.selenium.chrome.ChromeDriver
Capabilities {acceptInsecureCerts: false, browserName: chrome, browserVersion: 85.0.4183.102, chrome: {chromedriverVersion: 85.0.4183.87 (cd6713ebf92fa..., userDataDir: C:\Users\chandan\AppData\Lo...}, goog:chromeOptions: {debuggerAddress: localhost:17366}, javascriptEnabled: true, networkConnectionEnabled: false, pageLoadStrategy: normal, platform: WINDOWS, platformName: WINDOWS, proxy: Proxy(), setWindowRect: true, strictFileInteractability: false, timeouts: {implicit: 0, pageLoad: 300000, script: 30000}, unhandledPromptBehavior: dismiss and notify, webauthn:virtualAuthenticators: true}
Session ID: ff3b3ca6a63a115e141ef6921f58393d
at sun.reflect.NativeConstructorAccessorImpl.newInstance0(Native Method)
at sun.reflect.NativeConstructorAccessorImpl.newInstance(NativeConstructorAccessorImpl.java:62)
at sun.reflect.DelegatingConstructorAccessorImpl.newInstance(DelegatingConstructorAccessorImpl.java:45)
at java.lang.reflect.Constructor.newInstance(Constructor.java:423)
at org.openqa.selenium.remote.codec.w3c.W3CHttpResponseCodec.createException(W3CHttpResponseCodec.java:196)
at org.openqa.selenium.remote.codec.w3c.W3CHttpResponseCodec.decode(W3CHttpResponseCodec.java:129)
at org.openqa.selenium.remote.codec.w3c.W3CHttpResponseCodec.decode(W3CHttpResponseCodec.java:53)
at org.openqa.selenium.remote.HttpCommandExecutor.execute(HttpCommandExecutor.java:160)
at org.openqa.selenium.remote.service.DriverCommandExecutor.execute(DriverCommandExecutor.java:83)
at org.openqa.selenium.remote.RemoteWebDriver.execute(RemoteWebDriver.java:582)
at org.openqa.selenium.remote.RemoteWebDriver.get(RemoteWebDriver.java:282)
at com.fullstack.batch3.BasePage.openUrl(BasePage.java:53)
at com.fullstack.batch3.AppTest.loginWithCorrectCredentials(AppTest.java:20)
at sun.reflect.NativeMethodAccessorImpl.invoke0(Native Method)
at sun.reflect.NativeMethodAccessorImpl.invoke(NativeMethodAccessorImpl.java:62)
at sun.reflect.DelegatingMethodAccessorImpl.invoke(DelegatingMethodAccessorImpl.java:43)
at java.lang.reflect.Method.invoke(Method.java:498)
at org.testng.internal.MethodInvocationHelper.invokeMethod(MethodInvocationHelper.java:124)
at org.testng.internal.Invoker.invokeMethod(Invoker.java:583)
at org.testng.internal.Invoker.invokeTestMethod(Invoker.java:719)
at org.testng.internal.Invoker.invokeTestMethods(Invoker.java:989)
at org.testng.internal.TestMethodWorker.invokeTestMethods(TestMethodWorker.java:125)
at org.testng.internal.TestMethodWorker.run(TestMethodWorker.java:109)
at java.util.concurrent.ThreadPoolExecutor.runWorker(ThreadPoolExecutor.java:1149)
at java.util.concurrent.ThreadPoolExecutor$Worker.run(ThreadPoolExecutor.java:624)
at java.lang.Thread.run(Thread.java:748)
]]>
            </full-stacktrace>
          </exception> <!-- org.openqa.selenium.WebDriverException -->
          <reporter-output>
          </reporter-output>
        </test-method> <!-- loginWithCorrectCredentials -->
        <test-method status="PASS" signature="cleanUpActivities(org.testng.ITestResult)[pri:0, instance:com.fullstack.batch3.AppTest@4de8b406]" name="cleanUpActivities" is-config="true" duration-ms="13562" started-at="2020-09-19T09:51:29Z" finished-at="2020-09-19T09:51:42Z">
          <params>
            <param index="0">
              <value>
                <![CDATA[[TestResult name=loginWithCorrectCredentials status=FAILURE method=AppTest.loginWithCorrectCredentials()[pri:1, instance:com.fullstack.batch3.AppTest@4de8b406] output={null}]]]>
              </value>
            </param>
          </params>
          <reporter-output>
          </reporter-output>
        </test-method> <!-- cleanUpActivities -->
      </class> <!-- com.fullstack.batch3.AppTest -->
    </test> <!-- Web Tests -->
  </suite> <!-- Web Suite -->
</testng-results>
